2017-12-04T13:58:13.122+0800 I CONTROL  [main] ***** SERVER RESTARTED *****
2017-12-04T13:58:13.931+0800 I CONTROL  [main] Trying to install Windows service 'mongo'
2017-12-04T13:58:13.931+0800 I CONTROL  [main] Error connecting to the Service Control Manager: 拒绝访问。 (5)
2017-12-04T14:00:08.111+0800 I CONTROL  [main] ***** SERVER RESTARTED *****
2017-12-04T14:00:08.781+0800 I CONTROL  [main] Trying to install Windows service 'mongo'
2017-12-04T14:00:08.783+0800 I CONTROL  [main] Service 'mongo' (mongo) installed with command line 'E:\mongodb\bin\mongod.exe --logpath D:\gameWorkSpace\blog\db\mongodb.log --logappend --dbpath D:\gameWorkSpace\blog\db --directoryperdb --service'
2017-12-04T14:00:08.783+0800 I CONTROL  [main] Service can be started from the command line with 'net start mongo'
2017-12-04T14:00:31.263+0800 I CONTROL  [main] ***** SERVER RESTARTED *****
2017-12-04T14:00:31.923+0800 I CONTROL  [main] Trying to start Windows service 'MongoDB'
2017-12-04T14:00:31.924+0800 I CONTROL  [initandlisten] MongoDB starting : pid=24736 port=27017 dbpath=D:\gameWorkSpace\blog\db 64-bit host=hztuenui1
2017-12-04T14:00:31.924+0800 I CONTROL  [initandlisten] targetMinOS: Windows 7/Windows Server 2008 R2
2017-12-04T14:00:31.924+0800 I CONTROL  [initandlisten] db version v3.4.10
2017-12-04T14:00:31.924+0800 I CONTROL  [initandlisten] git version: 078f28920cb24de0dd479b5ea6c66c644f6326e9
2017-12-04T14:00:31.924+0800 I CONTROL  [initandlisten] OpenSSL version: OpenSSL 1.0.1u-fips  22 Sep 2016
2017-12-04T14:00:31.924+0800 I CONTROL  [initandlisten] allocator: tcmalloc
2017-12-04T14:00:31.924+0800 I CONTROL  [initandlisten] modules: none
2017-12-04T14:00:31.925+0800 I CONTROL  [initandlisten] build environment:
2017-12-04T14:00:31.925+0800 I CONTROL  [initandlisten]     distmod: 2008plus-ssl
2017-12-04T14:00:31.925+0800 I CONTROL  [initandlisten]     distarch: x86_64
2017-12-04T14:00:31.925+0800 I CONTROL  [initandlisten]     target_arch: x86_64
2017-12-04T14:00:31.925+0800 I CONTROL  [initandlisten] options: { service: true, storage: { dbPath: "D:\gameWorkSpace\blog\db", directoryPerDB: true }, systemLog: { destination: "file", logAppend: true, path: "D:\gameWorkSpace\blog\db\mongodb.log" } }
2017-12-04T14:00:31.927+0800 E NETWORK  [initandlisten] listen(): bind() failed 通常每个套接字地址(协议/网络地址/端口)只允许使用一次。 for socket: 0.0.0.0:27017
2017-12-04T14:00:31.939+0800 E NETWORK  [initandlisten] Failed to set up sockets during startup.
2017-12-04T14:00:31.939+0800 E STORAGE  [initandlisten] Failed to set up listener: InternalError: Failed to set up sockets
2017-12-04T14:00:31.940+0800 I NETWORK  [serviceStopWorker] shutdown: going to close listening sockets...
2017-12-04T14:00:31.941+0800 I NETWORK  [serviceStopWorker] shutdown: going to flush diaglog...
2017-12-04T14:00:31.942+0800 I CONTROL  [serviceStopWorker] now exiting
2017-12-04T14:14:47.434+0800 I CONTROL  [main] ***** SERVER RESTARTED *****
2017-12-04T14:14:48.110+0800 I CONTROL  [main] Trying to install Windows service 'mongo'
2017-12-04T14:14:48.111+0800 I CONTROL  [main] Service 'mongo' (mongo) installed with command line 'E:\mongodb\bin\mongod.exe --port 20001 --logpath D:\gameWorkSpace\blog\db\mongodb.log --logappend --dbpath D:\gameWorkSpace\blog\db --directoryperdb --service'
2017-12-04T14:14:48.111+0800 I CONTROL  [main] Service can be started from the command line with 'net start mongo'
2017-12-04T14:17:01.414+0800 I CONTROL  [main] ***** SERVER RESTARTED *****
2017-12-04T14:17:02.065+0800 I CONTROL  [main] Trying to start Windows service 'MongoDB'
2017-12-04T14:17:02.066+0800 I CONTROL  [initandlisten] MongoDB starting : pid=20804 port=20001 dbpath=D:\gameWorkSpace\blog\db 64-bit host=hztuenui1
2017-12-04T14:17:02.066+0800 I CONTROL  [initandlisten] targetMinOS: Windows 7/Windows Server 2008 R2
2017-12-04T14:17:02.066+0800 I CONTROL  [initandlisten] db version v3.4.10
2017-12-04T14:17:02.066+0800 I CONTROL  [initandlisten] git version: 078f28920cb24de0dd479b5ea6c66c644f6326e9
2017-12-04T14:17:02.066+0800 I CONTROL  [initandlisten] OpenSSL version: OpenSSL 1.0.1u-fips  22 Sep 2016
2017-12-04T14:17:02.066+0800 I CONTROL  [initandlisten] allocator: tcmalloc
2017-12-04T14:17:02.066+0800 I CONTROL  [initandlisten] modules: none
2017-12-04T14:17:02.066+0800 I CONTROL  [initandlisten] build environment:
2017-12-04T14:17:02.066+0800 I CONTROL  [initandlisten]     distmod: 2008plus-ssl
2017-12-04T14:17:02.066+0800 I CONTROL  [initandlisten]     distarch: x86_64
2017-12-04T14:17:02.066+0800 I CONTROL  [initandlisten]     target_arch: x86_64
2017-12-04T14:17:02.066+0800 I CONTROL  [initandlisten] options: { net: { port: 20001 }, service: true, storage: { dbPath: "D:\gameWorkSpace\blog\db", directoryPerDB: true }, systemLog: { destination: "file", logAppend: true, path: "D:\gameWorkSpace\blog\db\mongodb.log" } }
2017-12-04T14:17:02.069+0800 I STORAGE  [initandlisten] wiredtiger_open config: create,cache_size=3579M,session_max=20000,eviction=(threads_min=4,threads_max=4),config_base=false,statistics=(fast),log=(enabled=true,archive=true,path=journal,compressor=snappy),file_manager=(close_idle_time=100000),checkpoint=(wait=60,log_size=2GB),statistics_log=(wait=0),
2017-12-04T14:17:02.150+0800 I CONTROL  [initandlisten] 
2017-12-04T14:17:02.150+0800 I CONTROL  [initandlisten] ** WARNING: Access control is not enabled for the database.
2017-12-04T14:17:02.150+0800 I CONTROL  [initandlisten] **          Read and write access to data and configuration is unrestricted.
2017-12-04T14:17:02.150+0800 I CONTROL  [initandlisten] 
2017-12-04T14:17:02.500+0800 I FTDC     [initandlisten] Initializing full-time diagnostic data capture with directory 'D:/gameWorkSpace/blog/db/diagnostic.data'
2017-12-04T14:17:02.519+0800 I INDEX    [initandlisten] build index on: admin.system.version properties: { v: 2, key: { version: 1 }, name: "incompatible_with_version_32", ns: "admin.system.version" }
2017-12-04T14:17:02.520+0800 I INDEX    [initandlisten] 	 building index using bulk method; build may temporarily use up to 500 megabytes of RAM
2017-12-04T14:17:02.526+0800 I INDEX    [initandlisten] build index done.  scanned 0 total records. 0 secs
2017-12-04T14:17:02.528+0800 I COMMAND  [initandlisten] setting featureCompatibilityVersion to 3.4
2017-12-04T14:17:02.529+0800 I NETWORK  [thread1] waiting for connections on port 20001
2017-12-04T14:17:02.529+0800 I STORAGE  [initandlisten] Service running
2017-12-04T14:17:48.169+0800 I NETWORK  [thread1] connection accepted from 127.0.0.1:60529 #1 (1 connection now open)
2017-12-04T14:17:48.177+0800 I NETWORK  [conn1] received client metadata from 127.0.0.1:60529 conn1: { application: { name: "Robomongo" }, driver: { name: "MongoDB Internal Client", version: "3.4.3-7-gf394f8c" }, os: { type: "Windows", name: "Microsoft Windows 8", architecture: "x86_64", version: "6.2 (build 9200)" } }
2017-12-04T14:17:48.310+0800 I NETWORK  [thread1] connection accepted from 127.0.0.1:60530 #2 (2 connections now open)
2017-12-04T14:17:48.310+0800 I NETWORK  [conn2] received client metadata from 127.0.0.1:60530 conn2: { application: { name: "MongoDB Shell" }, driver: { name: "MongoDB Internal Client", version: "3.4.3-7-gf394f8c" }, os: { type: "Windows", name: "Microsoft Windows 8", architecture: "x86_64", version: "6.2 (build 9200)" } }
2017-12-04T14:18:33.921+0800 I NETWORK  [thread1] connection accepted from 127.0.0.1:60545 #3 (3 connections now open)
2017-12-04T14:18:33.921+0800 I NETWORK  [conn3] received client metadata from 127.0.0.1:60545 conn3: { application: { name: "Robomongo" }, driver: { name: "MongoDB Internal Client", version: "3.4.3-7-gf394f8c" }, os: { type: "Windows", name: "Microsoft Windows 8", architecture: "x86_64", version: "6.2 (build 9200)" } }
2017-12-04T14:18:33.968+0800 I NETWORK  [thread1] connection accepted from 127.0.0.1:60546 #4 (4 connections now open)
2017-12-04T14:18:33.968+0800 I NETWORK  [conn4] received client metadata from 127.0.0.1:60546 conn4: { application: { name: "MongoDB Shell" }, driver: { name: "MongoDB Internal Client", version: "3.4.3-7-gf394f8c" }, os: { type: "Windows", name: "Microsoft Windows 8", architecture: "x86_64", version: "6.2 (build 9200)" } }
2017-12-04T19:28:51.303+0800 I -        [conn1] end connection 127.0.0.1:60529 (4 connections now open)
2017-12-04T19:28:51.324+0800 I -        [conn2] end connection 127.0.0.1:60530 (3 connections now open)
2017-12-04T19:28:52.617+0800 I -        [conn3] end connection 127.0.0.1:60545 (2 connections now open)
2017-12-04T19:28:52.622+0800 I -        [conn4] end connection 127.0.0.1:60546 (1 connection now open)
2017-12-04T19:29:31.009+0800 I CONTROL  [serviceShutdown] got SERVICE_CONTROL_STOP request from Windows Service Control Manager, will terminate after current cmd ends
2017-12-04T19:29:31.012+0800 I NETWORK  [serviceShutdown] shutdown: going to close listening sockets...
2017-12-04T19:29:31.013+0800 I NETWORK  [serviceShutdown] closing listening socket: 688
2017-12-04T19:29:31.015+0800 I NETWORK  [serviceShutdown] shutdown: going to flush diaglog...
2017-12-04T19:29:31.016+0800 I FTDC     [serviceShutdown] Shutting down full-time diagnostic data capture
2017-12-04T19:29:31.030+0800 I STORAGE  [serviceShutdown] WiredTigerKVEngine shutting down
2017-12-04T19:29:31.168+0800 I STORAGE  [serviceShutdown] shutdown: removing fs lock...
2017-12-04T19:29:31.169+0800 I CONTROL  [serviceShutdown] now exiting
2017-12-04T19:43:25.457+0800 I CONTROL  [main] ***** SERVER RESTARTED *****
2017-12-04T19:43:26.260+0800 I CONTROL  [main] Trying to start Windows service 'MongoDB'
2017-12-04T19:43:26.261+0800 I CONTROL  [initandlisten] MongoDB starting : pid=27048 port=20001 dbpath=D:\gameWorkSpace\blog\db 64-bit host=hztuenui1
2017-12-04T19:43:26.261+0800 I CONTROL  [initandlisten] targetMinOS: Windows 7/Windows Server 2008 R2
2017-12-04T19:43:26.261+0800 I CONTROL  [initandlisten] db version v3.4.10
2017-12-04T19:43:26.261+0800 I CONTROL  [initandlisten] git version: 078f28920cb24de0dd479b5ea6c66c644f6326e9
2017-12-04T19:43:26.261+0800 I CONTROL  [initandlisten] OpenSSL version: OpenSSL 1.0.1u-fips  22 Sep 2016
2017-12-04T19:43:26.261+0800 I CONTROL  [initandlisten] allocator: tcmalloc
2017-12-04T19:43:26.261+0800 I CONTROL  [initandlisten] modules: none
2017-12-04T19:43:26.261+0800 I CONTROL  [initandlisten] build environment:
2017-12-04T19:43:26.261+0800 I CONTROL  [initandlisten]     distmod: 2008plus-ssl
2017-12-04T19:43:26.261+0800 I CONTROL  [initandlisten]     distarch: x86_64
2017-12-04T19:43:26.261+0800 I CONTROL  [initandlisten]     target_arch: x86_64
2017-12-04T19:43:26.261+0800 I CONTROL  [initandlisten] options: { net: { port: 20001 }, service: true, storage: { dbPath: "D:\gameWorkSpace\blog\db", directoryPerDB: true }, systemLog: { destination: "file", logAppend: true, path: "D:\gameWorkSpace\blog\db\mongodb.log" } }
2017-12-04T19:43:26.269+0800 I -        [initandlisten] Detected data files in D:\gameWorkSpace\blog\db created by the 'wiredTiger' storage engine, so setting the active storage engine to 'wiredTiger'.
2017-12-04T19:43:26.269+0800 I STORAGE  [initandlisten] wiredtiger_open config: create,cache_size=3579M,session_max=20000,eviction=(threads_min=4,threads_max=4),config_base=false,statistics=(fast),log=(enabled=true,archive=true,path=journal,compressor=snappy),file_manager=(close_idle_time=100000),checkpoint=(wait=60,log_size=2GB),statistics_log=(wait=0),
2017-12-04T19:43:27.101+0800 I CONTROL  [initandlisten] 
2017-12-04T19:43:27.101+0800 I CONTROL  [initandlisten] ** WARNING: Access control is not enabled for the database.
2017-12-04T19:43:27.101+0800 I CONTROL  [initandlisten] **          Read and write access to data and configuration is unrestricted.
2017-12-04T19:43:27.101+0800 I CONTROL  [initandlisten] 
2017-12-04T19:43:28.099+0800 I FTDC     [initandlisten] Initializing full-time diagnostic data capture with directory 'D:/gameWorkSpace/blog/db/diagnostic.data'
2017-12-04T19:43:28.100+0800 I NETWORK  [thread1] waiting for connections on port 20001
2017-12-04T19:43:28.100+0800 I STORAGE  [initandlisten] Service running
2017-12-04T19:43:49.214+0800 I NETWORK  [thread1] connection accepted from 127.0.0.1:63640 #1 (1 connection now open)
2017-12-04T19:43:49.214+0800 I NETWORK  [conn1] received client metadata from 127.0.0.1:63640 conn1: { application: { name: "Robomongo" }, driver: { name: "MongoDB Internal Client", version: "3.4.3-7-gf394f8c" }, os: { type: "Windows", name: "Microsoft Windows 8", architecture: "x86_64", version: "6.2 (build 9200)" } }
2017-12-04T19:43:49.330+0800 I NETWORK  [thread1] connection accepted from 127.0.0.1:63641 #2 (2 connections now open)
2017-12-04T19:43:49.331+0800 I NETWORK  [conn2] received client metadata from 127.0.0.1:63641 conn2: { application: { name: "MongoDB Shell" }, driver: { name: "MongoDB Internal Client", version: "3.4.3-7-gf394f8c" }, os: { type: "Windows", name: "Microsoft Windows 8", architecture: "x86_64", version: "6.2 (build 9200)" } }
2017-12-04T20:41:22.740+0800 I -        [conn1] end connection 127.0.0.1:63640 (2 connections now open)
2017-12-04T20:41:22.759+0800 I -        [conn2] end connection 127.0.0.1:63641 (1 connection now open)
2017-12-04T20:41:53.682+0800 I CONTROL  [serviceShutdown] got SERVICE_CONTROL_STOP request from Windows Service Control Manager, will terminate after current cmd ends
2017-12-04T20:41:53.683+0800 I NETWORK  [serviceShutdown] shutdown: going to close listening sockets...
2017-12-04T20:41:53.683+0800 I NETWORK  [serviceShutdown] closing listening socket: 672
2017-12-04T20:41:53.684+0800 I NETWORK  [serviceShutdown] shutdown: going to flush diaglog...
2017-12-04T20:41:53.685+0800 I FTDC     [serviceShutdown] Shutting down full-time diagnostic data capture
2017-12-04T20:41:53.697+0800 I STORAGE  [serviceShutdown] WiredTigerKVEngine shutting down
2017-12-04T20:41:53.853+0800 I STORAGE  [serviceShutdown] shutdown: removing fs lock...
2017-12-04T20:41:53.854+0800 I CONTROL  [serviceShutdown] now exiting
2017-12-05T09:08:38.476+0800 I CONTROL  [main] ***** SERVER RESTARTED *****
2017-12-05T09:09:23.905+0800 I CONTROL  [main] Trying to start Windows service 'MongoDB'
2017-12-05T09:09:23.906+0800 I CONTROL  [initandlisten] MongoDB starting : pid=3808 port=20001 dbpath=D:\gameWorkSpace\blog\db 64-bit host=hztuenui1
2017-12-05T09:09:23.906+0800 I CONTROL  [initandlisten] targetMinOS: Windows 7/Windows Server 2008 R2
2017-12-05T09:09:23.906+0800 I CONTROL  [initandlisten] db version v3.4.10
2017-12-05T09:09:23.906+0800 I CONTROL  [initandlisten] git version: 078f28920cb24de0dd479b5ea6c66c644f6326e9
2017-12-05T09:09:23.906+0800 I CONTROL  [initandlisten] OpenSSL version: OpenSSL 1.0.1u-fips  22 Sep 2016
2017-12-05T09:09:23.906+0800 I CONTROL  [initandlisten] allocator: tcmalloc
2017-12-05T09:09:23.906+0800 I CONTROL  [initandlisten] modules: none
2017-12-05T09:09:23.906+0800 I CONTROL  [initandlisten] build environment:
2017-12-05T09:09:23.906+0800 I CONTROL  [initandlisten]     distmod: 2008plus-ssl
2017-12-05T09:09:23.906+0800 I CONTROL  [initandlisten]     distarch: x86_64
2017-12-05T09:09:23.906+0800 I CONTROL  [initandlisten]     target_arch: x86_64
2017-12-05T09:09:23.906+0800 I CONTROL  [initandlisten] options: { net: { port: 20001 }, service: true, storage: { dbPath: "D:\gameWorkSpace\blog\db", directoryPerDB: true }, systemLog: { destination: "file", logAppend: true, path: "D:\gameWorkSpace\blog\db\mongodb.log" } }
2017-12-05T09:09:23.911+0800 I -        [initandlisten] Detected data files in D:\gameWorkSpace\blog\db created by the 'wiredTiger' storage engine, so setting the active storage engine to 'wiredTiger'.
2017-12-05T09:09:23.916+0800 I STORAGE  [initandlisten] wiredtiger_open config: create,cache_size=3579M,session_max=20000,eviction=(threads_min=4,threads_max=4),config_base=false,statistics=(fast),log=(enabled=true,archive=true,path=journal,compressor=snappy),file_manager=(close_idle_time=100000),checkpoint=(wait=60,log_size=2GB),statistics_log=(wait=0),
2017-12-05T09:09:24.414+0800 I CONTROL  [initandlisten] 
2017-12-05T09:09:24.414+0800 I CONTROL  [initandlisten] ** WARNING: Access control is not enabled for the database.
2017-12-05T09:09:24.415+0800 I CONTROL  [initandlisten] **          Read and write access to data and configuration is unrestricted.
2017-12-05T09:09:24.415+0800 I CONTROL  [initandlisten] 
2017-12-05T09:09:24.900+0800 I FTDC     [initandlisten] Initializing full-time diagnostic data capture with directory 'D:/gameWorkSpace/blog/db/diagnostic.data'
2017-12-05T09:09:24.901+0800 I NETWORK  [thread1] waiting for connections on port 20001
2017-12-05T09:09:24.901+0800 I STORAGE  [initandlisten] Service running
2017-12-05T09:28:42.017+0800 I CONTROL  [serviceShutdown] got SERVICE_CONTROL_STOP request from Windows Service Control Manager, will terminate after current cmd ends
2017-12-05T09:28:42.018+0800 I NETWORK  [serviceShutdown] shutdown: going to close listening sockets...
2017-12-05T09:28:42.018+0800 I NETWORK  [serviceShutdown] closing listening socket: 668
2017-12-05T09:28:42.018+0800 I NETWORK  [serviceShutdown] shutdown: going to flush diaglog...
2017-12-05T09:28:42.018+0800 I FTDC     [serviceShutdown] Shutting down full-time diagnostic data capture
2017-12-05T09:28:42.028+0800 I STORAGE  [serviceShutdown] WiredTigerKVEngine shutting down
2017-12-05T09:28:42.110+0800 I STORAGE  [serviceShutdown] shutdown: removing fs lock...
2017-12-05T09:28:42.110+0800 I CONTROL  [serviceShutdown] now exiting
